<?xml version="1.0" encoding="UTF-8"?>
<testng-results ignored="0" total="1" passed="1" failed="0" skipped="0">
  <reporter-output>
  </reporter-output>
  <suite started-at="2026-06-02T18:02:16 IST" name="Surefire suite" finished-at="2026-06-02T18:02:20 IST" duration-ms="4039">
    <groups>
    </groups>
    <test started-at="2026-06-02T18:02:16 IST" name="Surefire test" finished-at="2026-06-02T18:02:20 IST" duration-ms="4039">
      <class name="org.scalesoft.AppTest">
        <test-method signature="launch()[pri:0, instance:org.scalesoft.AppTest@6d2a209c]" started-at="2026-06-02T18:02:16 IST" name="launch" finished-at="2026-06-02T18:02:20 IST" duration-ms="3996" status="PASS">
          <reporter-output>
          </reporter-output>
        </test-method> <!-- launch -->
      </class> <!-- org.scalesoft.AppTest -->
    </test> <!-- Surefire test -->
  </suite> <!-- Surefire suite -->
</testng-results>
